CRITICAL - 2021-01-18 23:41:43 --> Undefined property: App\Controllers\Home::$load
#0 /opt/lampp/htdocs/porto/app/Controllers/Home.php(9): CodeIgniter\Debug\Exceptions->errorHandler(2, 'Undefined prope...', '/opt/lampp/htdo...', 9)
#1 /opt/lampp/htdocs/porto/system/CodeIgniter.php(936): App\Controllers\Home->index()
#2 /opt/lampp/htdocs/porto/system/CodeIgniter.php(432): CodeIgniter\CodeIgniter->runController(Object(App\Controllers\Home))
#3 /opt/lampp/htdocs/porto/system/CodeIgniter.php(333): CodeIgniter\CodeIgniter->handleRequest(NULL, Object(Config\Cache), false)
#4 /opt/lampp/htdocs/porto/public/index.php(44): CodeIgniter\CodeIgniter->run()
#5 {main}
CRITICAL - 2021-01-18 23:42:11 --> Undefined property: App\Controllers\Home::$load
#0 /opt/lampp/htdocs/porto/app/Controllers/Home.php(9): CodeIgniter\Debug\Exceptions->errorHandler(2, 'Undefined prope...', '/opt/lampp/htdo...', 9)
#1 /opt/lampp/htdocs/porto/system/CodeIgniter.php(936): App\Controllers\Home->index()
#2 /opt/lampp/htdocs/porto/system/CodeIgniter.php(432): CodeIgniter\CodeIgniter->runController(Object(App\Controllers\Home))
#3 /opt/lampp/htdocs/porto/system/CodeIgniter.php(333): CodeIgniter\CodeIgniter->handleRequest(NULL, Object(Config\Cache), false)
#4 /opt/lampp/htdocs/porto/public/index.php(44): CodeIgniter\CodeIgniter->run()
#5 {main}
CRITICAL - 2021-01-18 23:42:12 --> Undefined property: App\Controllers\Home::$load
#0 /opt/lampp/htdocs/porto/app/Controllers/Home.php(9): CodeIgniter\Debug\Exceptions->errorHandler(2, 'Undefined prope...', '/opt/lampp/htdo...', 9)
#1 /opt/lampp/htdocs/porto/system/CodeIgniter.php(936): App\Controllers\Home->index()
#2 /opt/lampp/htdocs/porto/system/CodeIgniter.php(432): CodeIgniter\CodeIgniter->runController(Object(App\Controllers\Home))
#3 /opt/lampp/htdocs/porto/system/CodeIgniter.php(333): CodeIgniter\CodeIgniter->handleRequest(NULL, Object(Config\Cache), false)
#4 /opt/lampp/htdocs/porto/public/index.php(44): CodeIgniter\CodeIgniter->run()
#5 {main}
CRITICAL - 2021-01-18 23:42:13 --> Undefined property: App\Controllers\Home::$load
#0 /opt/lampp/htdocs/porto/app/Controllers/Home.php(9): CodeIgniter\Debug\Exceptions->errorHandler(2, 'Undefined prope...', '/opt/lampp/htdo...', 9)
#1 /opt/lampp/htdocs/porto/system/CodeIgniter.php(936): App\Controllers\Home->index()
#2 /opt/lampp/htdocs/porto/system/CodeIgniter.php(432): CodeIgniter\CodeIgniter->runController(Object(App\Controllers\Home))
#3 /opt/lampp/htdocs/porto/system/CodeIgniter.php(333): CodeIgniter\CodeIgniter->handleRequest(NULL, Object(Config\Cache), false)
#4 /opt/lampp/htdocs/porto/public/index.php(44): CodeIgniter\CodeIgniter->run()
#5 {main}
CRITICAL - 2021-01-18 23:42:13 --> Undefined property: App\Controllers\Home::$load
#0 /opt/lampp/htdocs/porto/app/Controllers/Home.php(9): CodeIgniter\Debug\Exceptions->errorHandler(2, 'Undefined prope...', '/opt/lampp/htdo...', 9)
#1 /opt/lampp/htdocs/porto/system/CodeIgniter.php(936): App\Controllers\Home->index()
#2 /opt/lampp/htdocs/porto/system/CodeIgniter.php(432): CodeIgniter\CodeIgniter->runController(Object(App\Controllers\Home))
#3 /opt/lampp/htdocs/porto/system/CodeIgniter.php(333): CodeIgniter\CodeIgniter->handleRequest(NULL, Object(Config\Cache), false)
#4 /opt/lampp/htdocs/porto/public/index.php(44): CodeIgniter\CodeIgniter->run()
#5 {main}
CRITICAL - 2021-01-18 23:42:13 --> Undefined property: App\Controllers\Home::$load
#0 /opt/lampp/htdocs/porto/app/Controllers/Home.php(9): CodeIgniter\Debug\Exceptions->errorHandler(2, 'Undefined prope...', '/opt/lampp/htdo...', 9)
#1 /opt/lampp/htdocs/porto/system/CodeIgniter.php(936): App\Controllers\Home->index()
#2 /opt/lampp/htdocs/porto/system/CodeIgniter.php(432): CodeIgniter\CodeIgniter->runController(Object(App\Controllers\Home))
#3 /opt/lampp/htdocs/porto/system/CodeIgniter.php(333): CodeIgniter\CodeIgniter->handleRequest(NULL, Object(Config\Cache), false)
#4 /opt/lampp/htdocs/porto/public/index.php(44): CodeIgniter\CodeIgniter->run()
#5 {main}
CRITICAL - 2021-01-18 23:42:13 --> Undefined property: App\Controllers\Home::$load
#0 /opt/lampp/htdocs/porto/app/Controllers/Home.php(9): CodeIgniter\Debug\Exceptions->errorHandler(2, 'Undefined prope...', '/opt/lampp/htdo...', 9)
#1 /opt/lampp/htdocs/porto/system/CodeIgniter.php(936): App\Controllers\Home->index()
#2 /opt/lampp/htdocs/porto/system/CodeIgniter.php(432): CodeIgniter\CodeIgniter->runController(Object(App\Controllers\Home))
#3 /opt/lampp/htdocs/porto/system/CodeIgniter.php(333): CodeIgniter\CodeIgniter->handleRequest(NULL, Object(Config\Cache), false)
#4 /opt/lampp/htdocs/porto/public/index.php(44): CodeIgniter\CodeIgniter->run()
#5 {main}
CRITICAL - 2021-01-18 23:42:14 --> Undefined property: App\Controllers\Home::$load
#0 /opt/lampp/htdocs/porto/app/Controllers/Home.php(9): CodeIgniter\Debug\Exceptions->errorHandler(2, 'Undefined prope...', '/opt/lampp/htdo...', 9)
#1 /opt/lampp/htdocs/porto/system/CodeIgniter.php(936): App\Controllers\Home->index()
#2 /opt/lampp/htdocs/porto/system/CodeIgniter.php(432): CodeIgniter\CodeIgniter->runController(Object(App\Controllers\Home))
#3 /opt/lampp/htdocs/porto/system/CodeIgniter.php(333): CodeIgniter\CodeIgniter->handleRequest(NULL, Object(Config\Cache), false)
#4 /opt/lampp/htdocs/porto/public/index.php(44): CodeIgniter\CodeIgniter->run()
#5 {main}
CRITICAL - 2021-01-18 23:42:14 --> Undefined property: App\Controllers\Home::$load
#0 /opt/lampp/htdocs/porto/app/Controllers/Home.php(9): CodeIgniter\Debug\Exceptions->errorHandler(2, 'Undefined prope...', '/opt/lampp/htdo...', 9)
#1 /opt/lampp/htdocs/porto/system/CodeIgniter.php(936): App\Controllers\Home->index()
#2 /opt/lampp/htdocs/porto/system/CodeIgniter.php(432): CodeIgniter\CodeIgniter->runController(Object(App\Controllers\Home))
#3 /opt/lampp/htdocs/porto/system/CodeIgniter.php(333): CodeIgniter\CodeIgniter->handleRequest(NULL, Object(Config\Cache), false)
#4 /opt/lampp/htdocs/porto/public/index.php(44): CodeIgniter\CodeIgniter->run()
#5 {main}
CRITICAL - 2021-01-18 23:42:14 --> Undefined property: App\Controllers\Home::$load
#0 /opt/lampp/htdocs/porto/app/Controllers/Home.php(9): CodeIgniter\Debug\Exceptions->errorHandler(2, 'Undefined prope...', '/opt/lampp/htdo...', 9)
#1 /opt/lampp/htdocs/porto/system/CodeIgniter.php(936): App\Controllers\Home->index()
#2 /opt/lampp/htdocs/porto/system/CodeIgniter.php(432): CodeIgniter\CodeIgniter->runController(Object(App\Controllers\Home))
#3 /opt/lampp/htdocs/porto/system/CodeIgniter.php(333): CodeIgniter\CodeIgniter->handleRequest(NULL, Object(Config\Cache), false)
#4 /opt/lampp/htdocs/porto/public/index.php(44): CodeIgniter\CodeIgniter->run()
#5 {main}
CRITICAL - 2021-01-18 23:42:14 --> Undefined property: App\Controllers\Home::$load
#0 /opt/lampp/htdocs/porto/app/Controllers/Home.php(9): CodeIgniter\Debug\Exceptions->errorHandler(2, 'Undefined prope...', '/opt/lampp/htdo...', 9)
#1 /opt/lampp/htdocs/porto/system/CodeIgniter.php(936): App\Controllers\Home->index()
#2 /opt/lampp/htdocs/porto/system/CodeIgniter.php(432): CodeIgniter\CodeIgniter->runController(Object(App\Controllers\Home))
#3 /opt/lampp/htdocs/porto/system/CodeIgniter.php(333): CodeIgniter\CodeIgniter->handleRequest(NULL, Object(Config\Cache), false)
#4 /opt/lampp/htdocs/porto/public/index.php(44): CodeIgniter\CodeIgniter->run()
#5 {main}
CRITICAL - 2021-01-18 23:42:21 --> Undefined property: App\Controllers\Home::$load
#0 /opt/lampp/htdocs/porto/app/Controllers/Home.php(9): CodeIgniter\Debug\Exceptions->errorHandler(2, 'Undefined prope...', '/opt/lampp/htdo...', 9)
#1 /opt/lampp/htdocs/porto/system/CodeIgniter.php(936): App\Controllers\Home->index()
#2 /opt/lampp/htdocs/porto/system/CodeIgniter.php(432): CodeIgniter\CodeIgniter->runController(Object(App\Controllers\Home))
#3 /opt/lampp/htdocs/porto/system/CodeIgniter.php(333): CodeIgniter\CodeIgniter->handleRequest(NULL, Object(Config\Cache), false)
#4 /opt/lampp/htdocs/porto/public/index.php(44): CodeIgniter\CodeIgniter->run()
#5 {main}
CRITICAL - 2021-01-18 23:42:21 --> Undefined property: App\Controllers\Home::$load
#0 /opt/lampp/htdocs/porto/app/Controllers/Home.php(9): CodeIgniter\Debug\Exceptions->errorHandler(2, 'Undefined prope...', '/opt/lampp/htdo...', 9)
#1 /opt/lampp/htdocs/porto/system/CodeIgniter.php(936): App\Controllers\Home->index()
#2 /opt/lampp/htdocs/porto/system/CodeIgniter.php(432): CodeIgniter\CodeIgniter->runController(Object(App\Controllers\Home))
#3 /opt/lampp/htdocs/porto/system/CodeIgniter.php(333): CodeIgniter\CodeIgniter->handleRequest(NULL, Object(Config\Cache), false)
#4 /opt/lampp/htdocs/porto/public/index.php(44): CodeIgniter\CodeIgniter->run()
#5 {main}
CRITICAL - 2021-01-18 23:42:22 --> Undefined property: App\Controllers\Home::$load
#0 /opt/lampp/htdocs/porto/app/Controllers/Home.php(9): CodeIgniter\Debug\Exceptions->errorHandler(2, 'Undefined prope...', '/opt/lampp/htdo...', 9)
#1 /opt/lampp/htdocs/porto/system/CodeIgniter.php(936): App\Controllers\Home->index()
#2 /opt/lampp/htdocs/porto/system/CodeIgniter.php(432): CodeIgniter\CodeIgniter->runController(Object(App\Controllers\Home))
#3 /opt/lampp/htdocs/porto/system/CodeIgniter.php(333): CodeIgniter\CodeIgniter->handleRequest(NULL, Object(Config\Cache), false)
#4 /opt/lampp/htdocs/porto/public/index.php(44): CodeIgniter\CodeIgniter->run()
#5 {main}
CRITICAL - 2021-01-18 23:42:22 --> Undefined property: App\Controllers\Home::$load
#0 /opt/lampp/htdocs/porto/app/Controllers/Home.php(9): CodeIgniter\Debug\Exceptions->errorHandler(2, 'Undefined prope...', '/opt/lampp/htdo...', 9)
#1 /opt/lampp/htdocs/porto/system/CodeIgniter.php(936): App\Controllers\Home->index()
#2 /opt/lampp/htdocs/porto/system/CodeIgniter.php(432): CodeIgniter\CodeIgniter->runController(Object(App\Controllers\Home))
#3 /opt/lampp/htdocs/porto/system/CodeIgniter.php(333): CodeIgniter\CodeIgniter->handleRequest(NULL, Object(Config\Cache), false)
#4 /opt/lampp/htdocs/porto/public/index.php(44): CodeIgniter\CodeIgniter->run()
#5 {main}
CRITICAL - 2021-01-18 23:42:22 --> Undefined property: App\Controllers\Home::$load
#0 /opt/lampp/htdocs/porto/app/Controllers/Home.php(9): CodeIgniter\Debug\Exceptions->errorHandler(2, 'Undefined prope...', '/opt/lampp/htdo...', 9)
#1 /opt/lampp/htdocs/porto/system/CodeIgniter.php(936): App\Controllers\Home->index()
#2 /opt/lampp/htdocs/porto/system/CodeIgniter.php(432): CodeIgniter\CodeIgniter->runController(Object(App\Controllers\Home))
#3 /opt/lampp/htdocs/porto/system/CodeIgniter.php(333): CodeIgniter\CodeIgniter->handleRequest(NULL, Object(Config\Cache), false)
#4 /opt/lampp/htdocs/porto/public/index.php(44): CodeIgniter\CodeIgniter->run()
#5 {main}
CRITICAL - 2021-01-18 23:42:22 --> Undefined property: App\Controllers\Home::$load
#0 /opt/lampp/htdocs/porto/app/Controllers/Home.php(9): CodeIgniter\Debug\Exceptions->errorHandler(2, 'Undefined prope...', '/opt/lampp/htdo...', 9)
#1 /opt/lampp/htdocs/porto/system/CodeIgniter.php(936): App\Controllers\Home->index()
#2 /opt/lampp/htdocs/porto/system/CodeIgniter.php(432): CodeIgniter\CodeIgniter->runController(Object(App\Controllers\Home))
#3 /opt/lampp/htdocs/porto/system/CodeIgniter.php(333): CodeIgniter\CodeIgniter->handleRequest(NULL, Object(Config\Cache), false)
#4 /opt/lampp/htdocs/porto/public/index.php(44): CodeIgniter\CodeIgniter->run()
#5 {main}
CRITICAL - 2021-01-18 23:42:38 --> Undefined property: App\Controllers\Home::$load
#0 /opt/lampp/htdocs/porto/app/Controllers/Home.php(9): CodeIgniter\Debug\Exceptions->errorHandler(2, 'Undefined prope...', '/opt/lampp/htdo...', 9)
#1 /opt/lampp/htdocs/porto/system/CodeIgniter.php(936): App\Controllers\Home->index()
#2 /opt/lampp/htdocs/porto/system/CodeIgniter.php(432): CodeIgniter\CodeIgniter->runController(Object(App\Controllers\Home))
#3 /opt/lampp/htdocs/porto/system/CodeIgniter.php(333): CodeIgniter\CodeIgniter->handleRequest(NULL, Object(Config\Cache), false)
#4 /opt/lampp/htdocs/porto/public/index.php(44): CodeIgniter\CodeIgniter->run()
#5 {main}
CRITICAL - 2021-01-18 23:42:39 --> Undefined property: App\Controllers\Home::$load
#0 /opt/lampp/htdocs/porto/app/Controllers/Home.php(9): CodeIgniter\Debug\Exceptions->errorHandler(2, 'Undefined prope...', '/opt/lampp/htdo...', 9)
#1 /opt/lampp/htdocs/porto/system/CodeIgniter.php(936): App\Controllers\Home->index()
#2 /opt/lampp/htdocs/porto/system/CodeIgniter.php(432): CodeIgniter\CodeIgniter->runController(Object(App\Controllers\Home))
#3 /opt/lampp/htdocs/porto/system/CodeIgniter.php(333): CodeIgniter\CodeIgniter->handleRequest(NULL, Object(Config\Cache), false)
#4 /opt/lampp/htdocs/porto/public/index.php(44): CodeIgniter\CodeIgniter->run()
#5 {main}
CRITICAL - 2021-01-18 23:42:39 --> Undefined property: App\Controllers\Home::$load
#0 /opt/lampp/htdocs/porto/app/Controllers/Home.php(9): CodeIgniter\Debug\Exceptions->errorHandler(2, 'Undefined prope...', '/opt/lampp/htdo...', 9)
#1 /opt/lampp/htdocs/porto/system/CodeIgniter.php(936): App\Controllers\Home->index()
#2 /opt/lampp/htdocs/porto/system/CodeIgniter.php(432): CodeIgniter\CodeIgniter->runController(Object(App\Controllers\Home))
#3 /opt/lampp/htdocs/porto/system/CodeIgniter.php(333): CodeIgniter\CodeIgniter->handleRequest(NULL, Object(Config\Cache), false)
#4 /opt/lampp/htdocs/porto/public/index.php(44): CodeIgniter\CodeIgniter->run()
#5 {main}
CRITICAL - 2021-01-18 23:42:39 --> Undefined property: App\Controllers\Home::$load
#0 /opt/lampp/htdocs/porto/app/Controllers/Home.php(9): CodeIgniter\Debug\Exceptions->errorHandler(2, 'Undefined prope...', '/opt/lampp/htdo...', 9)
#1 /opt/lampp/htdocs/porto/system/CodeIgniter.php(936): App\Controllers\Home->index()
#2 /opt/lampp/htdocs/porto/system/CodeIgniter.php(432): CodeIgniter\CodeIgniter->runController(Object(App\Controllers\Home))
#3 /opt/lampp/htdocs/porto/system/CodeIgniter.php(333): CodeIgniter\CodeIgniter->handleRequest(NULL, Object(Config\Cache), false)
#4 /opt/lampp/htdocs/porto/public/index.php(44): CodeIgniter\CodeIgniter->run()
#5 {main}
CRITICAL - 2021-01-18 23:42:39 --> Undefined property: App\Controllers\Home::$load
#0 /opt/lampp/htdocs/porto/app/Controllers/Home.php(9): CodeIgniter\Debug\Exceptions->errorHandler(2, 'Undefined prope...', '/opt/lampp/htdo...', 9)
#1 /opt/lampp/htdocs/porto/system/CodeIgniter.php(936): App\Controllers\Home->index()
#2 /opt/lampp/htdocs/porto/system/CodeIgniter.php(432): CodeIgniter\CodeIgniter->runController(Object(App\Controllers\Home))
#3 /opt/lampp/htdocs/porto/system/CodeIgniter.php(333): CodeIgniter\CodeIgniter->handleRequest(NULL, Object(Config\Cache), false)
#4 /opt/lampp/htdocs/porto/public/index.php(44): CodeIgniter\CodeIgniter->run()
#5 {main}
CRITICAL - 2021-01-18 23:42:39 --> Undefined property: App\Controllers\Home::$load
#0 /opt/lampp/htdocs/porto/app/Controllers/Home.php(9): CodeIgniter\Debug\Exceptions->errorHandler(2, 'Undefined prope...', '/opt/lampp/htdo...', 9)
#1 /opt/lampp/htdocs/porto/system/CodeIgniter.php(936): App\Controllers\Home->index()
#2 /opt/lampp/htdocs/porto/system/CodeIgniter.php(432): CodeIgniter\CodeIgniter->runController(Object(App\Controllers\Home))
#3 /opt/lampp/htdocs/porto/system/CodeIgniter.php(333): CodeIgniter\CodeIgniter->handleRequest(NULL, Object(Config\Cache), false)
#4 /opt/lampp/htdocs/porto/public/index.php(44): CodeIgniter\CodeIgniter->run()
#5 {main}
CRITICAL - 2021-01-18 23:42:44 --> Undefined property: App\Controllers\Home::$load
#0 /opt/lampp/htdocs/porto/app/Controllers/Home.php(9): CodeIgniter\Debug\Exceptions->errorHandler(2, 'Undefined prope...', '/opt/lampp/htdo...', 9)
#1 /opt/lampp/htdocs/porto/system/CodeIgniter.php(936): App\Controllers\Home->index()
#2 /opt/lampp/htdocs/porto/system/CodeIgniter.php(432): CodeIgniter\CodeIgniter->runController(Object(App\Controllers\Home))
#3 /opt/lampp/htdocs/porto/system/CodeIgniter.php(333): CodeIgniter\CodeIgniter->handleRequest(NULL, Object(Config\Cache), false)
#4 /opt/lampp/htdocs/porto/public/index.php(44): CodeIgniter\CodeIgniter->run()
#5 {main}
